[2022-10-13 06:15:43,537] {taskinstance.py:896} INFO - Dependencies all met for <TaskInstance: assignment.task_two 2022-10-13T05:09:15.569955+00:00 [queued]>
[2022-10-13 06:15:43,558] {taskinstance.py:896} INFO - Dependencies all met for <TaskInstance: assignment.task_two 2022-10-13T05:09:15.569955+00:00 [queued]>
[2022-10-13 06:15:43,559] {taskinstance.py:1087} INFO - 
--------------------------------------------------------------------------------
[2022-10-13 06:15:43,560] {taskinstance.py:1088} INFO - Starting attempt 1 of 1
[2022-10-13 06:15:43,560] {taskinstance.py:1089} INFO - 
--------------------------------------------------------------------------------
[2022-10-13 06:15:43,597] {taskinstance.py:1107} INFO - Executing <Task(PythonOperator): task_two> on 2022-10-13T05:09:15.569955+00:00
[2022-10-13 06:15:43,607] {standard_task_runner.py:52} INFO - Started process 2026 to run task
[2022-10-13 06:15:43,617] {standard_task_runner.py:76} INFO - Running: ['***', 'tasks', 'run', 'assignment', 'task_two', '2022-10-13T05:09:15.569955+00:00', '--job-id', '32', '--pool', 'default_pool', '--raw', '--subdir', 'DAGS_FOLDER/assignment.py', '--cfg-path', '/tmp/tmp1imb5fzy', '--error-file', '/tmp/tmpxdv6cw5t']
[2022-10-13 06:15:43,619] {standard_task_runner.py:77} INFO - Job 32: Subtask task_two
[2022-10-13 06:15:43,690] {logging_mixin.py:104} INFO - Running <TaskInstance: assignment.task_two 2022-10-13T05:09:15.569955+00:00 [running]> on host 444c7ff3fdda
[2022-10-13 06:15:43,805] {taskinstance.py:1302} INFO - Exporting the following env vars:
AIRFLOW_CTX_DAG_OWNER=***
AIRFLOW_CTX_DAG_ID=assignment
AIRFLOW_CTX_TASK_ID=task_two
AIRFLOW_CTX_EXECUTION_DATE=2022-10-13T05:09:15.569955+00:00
AIRFLOW_CTX_DAG_RUN_ID=manual__2022-10-13T05:09:15.569955+00:00
[2022-10-13 06:15:43,828] {python.py:151} INFO - Done. Returned value was: None
[2022-10-13 06:15:43,891] {taskinstance.py:1211} INFO - Marking task as SUCCESS. dag_id=assignment, task_id=task_two, execution_date=20221013T050915, start_date=20221013T061543, end_date=20221013T061543
[2022-10-13 06:15:43,933] {taskinstance.py:1265} INFO - 1 downstream tasks scheduled from follow-on schedule check
[2022-10-13 06:15:43,954] {local_task_job.py:151} INFO - Task exited with return code 0
