[2022-10-13 06:16:22,280] {taskinstance.py:896} INFO - Dependencies all met for <TaskInstance: assignment.task_four 2022-10-13T05:09:15.569955+00:00 [queued]>
[2022-10-13 06:16:22,294] {taskinstance.py:896} INFO - Dependencies all met for <TaskInstance: assignment.task_four 2022-10-13T05:09:15.569955+00:00 [queued]>
[2022-10-13 06:16:22,295] {taskinstance.py:1087} INFO - 
--------------------------------------------------------------------------------
[2022-10-13 06:16:22,295] {taskinstance.py:1088} INFO - Starting attempt 1 of 1
[2022-10-13 06:16:22,296] {taskinstance.py:1089} INFO - 
--------------------------------------------------------------------------------
[2022-10-13 06:16:22,313] {taskinstance.py:1107} INFO - Executing <Task(PythonOperator): task_four> on 2022-10-13T05:09:15.569955+00:00
[2022-10-13 06:16:22,318] {standard_task_runner.py:52} INFO - Started process 2084 to run task
[2022-10-13 06:16:22,323] {standard_task_runner.py:76} INFO - Running: ['***', 'tasks', 'run', 'assignment', 'task_four', '2022-10-13T05:09:15.569955+00:00', '--job-id', '34', '--pool', 'default_pool', '--raw', '--subdir', 'DAGS_FOLDER/assignment.py', '--cfg-path', '/tmp/tmpt3vjjxlx', '--error-file', '/tmp/tmpn11i2sqh']
[2022-10-13 06:16:22,325] {standard_task_runner.py:77} INFO - Job 34: Subtask task_four
[2022-10-13 06:16:22,376] {logging_mixin.py:104} INFO - Running <TaskInstance: assignment.task_four 2022-10-13T05:09:15.569955+00:00 [running]> on host 444c7ff3fdda
[2022-10-13 06:16:22,443] {taskinstance.py:1302} INFO - Exporting the following env vars:
AIRFLOW_CTX_DAG_OWNER=***
AIRFLOW_CTX_DAG_ID=assignment
AIRFLOW_CTX_TASK_ID=task_four
AIRFLOW_CTX_EXECUTION_DATE=2022-10-13T05:09:15.569955+00:00
AIRFLOW_CTX_DAG_RUN_ID=manual__2022-10-13T05:09:15.569955+00:00
[2022-10-13 06:16:22,468] {logging_mixin.py:104} INFO - wrote file: titles_clean.json
[2022-10-13 06:16:22,470] {python.py:151} INFO - Done. Returned value was: None
[2022-10-13 06:16:22,482] {taskinstance.py:1211} INFO - Marking task as SUCCESS. dag_id=assignment, task_id=task_four, execution_date=20221013T050915, start_date=20221013T061622, end_date=20221013T061622
[2022-10-13 06:16:22,515] {taskinstance.py:1265} INFO - 1 downstream tasks scheduled from follow-on schedule check
[2022-10-13 06:16:22,541] {local_task_job.py:151} INFO - Task exited with return code 0
