[2022-10-13 06:03:39,508] {taskinstance.py:896} INFO - Dependencies all met for <TaskInstance: assignment.task_zero 2022-10-13T05:09:15.569955+00:00 [queued]>
[2022-10-13 06:03:39,529] {taskinstance.py:896} INFO - Dependencies all met for <TaskInstance: assignment.task_zero 2022-10-13T05:09:15.569955+00:00 [queued]>
[2022-10-13 06:03:39,529] {taskinstance.py:1087} INFO - 
--------------------------------------------------------------------------------
[2022-10-13 06:03:39,530] {taskinstance.py:1088} INFO - Starting attempt 3 of 5
[2022-10-13 06:03:39,531] {taskinstance.py:1089} INFO - 
--------------------------------------------------------------------------------
[2022-10-13 06:03:39,541] {taskinstance.py:1107} INFO - Executing <Task(BashOperator): task_zero> on 2022-10-13T05:09:15.569955+00:00
[2022-10-13 06:03:39,549] {standard_task_runner.py:52} INFO - Started process 1023 to run task
[2022-10-13 06:03:39,555] {standard_task_runner.py:76} INFO - Running: ['***', 'tasks', 'run', 'assignment', 'task_zero', '2022-10-13T05:09:15.569955+00:00', '--job-id', '30', '--pool', 'default_pool', '--raw', '--subdir', 'DAGS_FOLDER/assignment.py', '--cfg-path', '/tmp/tmp5a1xl3dr', '--error-file', '/tmp/tmptk9644za']
[2022-10-13 06:03:39,556] {standard_task_runner.py:77} INFO - Job 30: Subtask task_zero
[2022-10-13 06:03:39,607] {logging_mixin.py:104} INFO - Running <TaskInstance: assignment.task_zero 2022-10-13T05:09:15.569955+00:00 [running]> on host 444c7ff3fdda
[2022-10-13 06:03:39,727] {taskinstance.py:1302} INFO - Exporting the following env vars:
AIRFLOW_CTX_DAG_OWNER=***
AIRFLOW_CTX_DAG_ID=assignment
AIRFLOW_CTX_TASK_ID=task_zero
AIRFLOW_CTX_EXECUTION_DATE=2022-10-13T05:09:15.569955+00:00
AIRFLOW_CTX_DAG_RUN_ID=manual__2022-10-13T05:09:15.569955+00:00
[2022-10-13 06:03:39,729] {subprocess.py:52} INFO - Tmp dir root location: 
 /tmp
[2022-10-13 06:03:39,730] {subprocess.py:63} INFO - Running command: ['bash', '-c', 'pip install beautifulsoup4']
[2022-10-13 06:03:39,745] {subprocess.py:75} INFO - Output:
[2022-10-13 06:03:41,765] {subprocess.py:79} INFO - Defaulting to user installation because normal site-packages is not writeable
[2022-10-13 06:03:42,157] {subprocess.py:79} INFO - Collecting beautifulsoup4
[2022-10-13 06:03:42,245] {subprocess.py:79} INFO -   Downloading beautifulsoup4-4.11.1-py3-none-any.whl (128 kB)
[2022-10-13 06:03:42,372] {subprocess.py:79} INFO - Collecting soupsieve>1.2
[2022-10-13 06:03:42,394] {subprocess.py:79} INFO -   Downloading soupsieve-2.3.2.post1-py3-none-any.whl (37 kB)
[2022-10-13 06:03:48,313] {subprocess.py:79} INFO - Installing collected packages: soupsieve, beautifulsoup4
[2022-10-13 06:03:48,527] {subprocess.py:79} INFO - Successfully installed beautifulsoup4-4.11.1 soupsieve-2.3.2.post1
[2022-10-13 06:03:48,908] {subprocess.py:83} INFO - Command exited with return code 0
[2022-10-13 06:03:48,939] {taskinstance.py:1211} INFO - Marking task as SUCCESS. dag_id=assignment, task_id=task_zero, execution_date=20221013T050915, start_date=20221013T060339, end_date=20221013T060348
[2022-10-13 06:03:48,971] {taskinstance.py:1265} INFO - 1 downstream tasks scheduled from follow-on schedule check
[2022-10-13 06:03:49,014] {local_task_job.py:151} INFO - Task exited with return code 0
