[2022-10-13 06:16:23,159] {taskinstance.py:896} INFO - Dependencies all met for <TaskInstance: assignment.task_five 2022-10-13T05:09:15.569955+00:00 [queued]>
[2022-10-13 06:16:23,171] {taskinstance.py:896} INFO - Dependencies all met for <TaskInstance: assignment.task_five 2022-10-13T05:09:15.569955+00:00 [queued]>
[2022-10-13 06:16:23,171] {taskinstance.py:1087} INFO - 
--------------------------------------------------------------------------------
[2022-10-13 06:16:23,172] {taskinstance.py:1088} INFO - Starting attempt 1 of 1
[2022-10-13 06:16:23,172] {taskinstance.py:1089} INFO - 
--------------------------------------------------------------------------------
[2022-10-13 06:16:23,186] {taskinstance.py:1107} INFO - Executing <Task(PythonOperator): task_five> on 2022-10-13T05:09:15.569955+00:00
[2022-10-13 06:16:23,190] {standard_task_runner.py:52} INFO - Started process 2086 to run task
[2022-10-13 06:16:23,194] {standard_task_runner.py:76} INFO - Running: ['***', 'tasks', 'run', 'assignment', 'task_five', '2022-10-13T05:09:15.569955+00:00', '--job-id', '35', '--pool', 'default_pool', '--raw', '--subdir', 'DAGS_FOLDER/assignment.py', '--cfg-path', '/tmp/tmpmznw6glq', '--error-file', '/tmp/tmpuepaa7yx']
[2022-10-13 06:16:23,195] {standard_task_runner.py:77} INFO - Job 35: Subtask task_five
[2022-10-13 06:16:23,243] {logging_mixin.py:104} INFO - Running <TaskInstance: assignment.task_five 2022-10-13T05:09:15.569955+00:00 [running]> on host 444c7ff3fdda
[2022-10-13 06:16:23,298] {taskinstance.py:1302} INFO - Exporting the following env vars:
AIRFLOW_CTX_DAG_OWNER=***
AIRFLOW_CTX_DAG_ID=assignment
AIRFLOW_CTX_TASK_ID=task_five
AIRFLOW_CTX_EXECUTION_DATE=2022-10-13T05:09:15.569955+00:00
AIRFLOW_CTX_DAG_RUN_ID=manual__2022-10-13T05:09:15.569955+00:00
[2022-10-13 06:16:23,309] {logging_mixin.py:104} INFO - wrote file: words.json
[2022-10-13 06:16:23,310] {python.py:151} INFO - Done. Returned value was: None
[2022-10-13 06:16:23,323] {taskinstance.py:1211} INFO - Marking task as SUCCESS. dag_id=assignment, task_id=task_five, execution_date=20221013T050915, start_date=20221013T061623, end_date=20221013T061623
[2022-10-13 06:16:23,350] {taskinstance.py:1265} INFO - 0 downstream tasks scheduled from follow-on schedule check
[2022-10-13 06:16:23,368] {local_task_job.py:151} INFO - Task exited with return code 0
