[2022-10-13 06:15:44,660] {taskinstance.py:896} INFO - Dependencies all met for <TaskInstance: assignment.task_three 2022-10-13T05:09:15.569955+00:00 [queued]>
[2022-10-13 06:15:44,675] {taskinstance.py:896} INFO - Dependencies all met for <TaskInstance: assignment.task_three 2022-10-13T05:09:15.569955+00:00 [queued]>
[2022-10-13 06:15:44,676] {taskinstance.py:1087} INFO - 
--------------------------------------------------------------------------------
[2022-10-13 06:15:44,676] {taskinstance.py:1088} INFO - Starting attempt 1 of 1
[2022-10-13 06:15:44,677] {taskinstance.py:1089} INFO - 
--------------------------------------------------------------------------------
[2022-10-13 06:15:44,694] {taskinstance.py:1107} INFO - Executing <Task(PythonOperator): task_three> on 2022-10-13T05:09:15.569955+00:00
[2022-10-13 06:15:44,698] {standard_task_runner.py:52} INFO - Started process 2028 to run task
[2022-10-13 06:15:44,705] {standard_task_runner.py:76} INFO - Running: ['***', 'tasks', 'run', 'assignment', 'task_three', '2022-10-13T05:09:15.569955+00:00', '--job-id', '33', '--pool', 'default_pool', '--raw', '--subdir', 'DAGS_FOLDER/assignment.py', '--cfg-path', '/tmp/tmpqk5zbqzs', '--error-file', '/tmp/tmpwmj5q7og']
[2022-10-13 06:15:44,706] {standard_task_runner.py:77} INFO - Job 33: Subtask task_three
[2022-10-13 06:15:44,767] {logging_mixin.py:104} INFO - Running <TaskInstance: assignment.task_three 2022-10-13T05:09:15.569955+00:00 [running]> on host 444c7ff3fdda
[2022-10-13 06:15:44,827] {taskinstance.py:1302} INFO - Exporting the following env vars:
AIRFLOW_CTX_DAG_OWNER=***
AIRFLOW_CTX_DAG_ID=assignment
AIRFLOW_CTX_TASK_ID=task_three
AIRFLOW_CTX_EXECUTION_DATE=2022-10-13T05:09:15.569955+00:00
AIRFLOW_CTX_DAG_RUN_ID=manual__2022-10-13T05:09:15.569955+00:00
[2022-10-13 06:16:21,535] {logging_mixin.py:104} INFO - wrote file: titles.json
[2022-10-13 06:16:21,536] {python.py:151} INFO - Done. Returned value was: None
[2022-10-13 06:16:21,552] {taskinstance.py:1211} INFO - Marking task as SUCCESS. dag_id=assignment, task_id=task_three, execution_date=20221013T050915, start_date=20221013T061544, end_date=20221013T061621
[2022-10-13 06:16:21,588] {taskinstance.py:1265} INFO - 1 downstream tasks scheduled from follow-on schedule check
[2022-10-13 06:16:21,633] {local_task_job.py:151} INFO - Task exited with return code 0
