[2022-10-13 06:03:50,271] {taskinstance.py:896} INFO - Dependencies all met for <TaskInstance: assignment.task_one 2022-10-13T05:09:15.569955+00:00 [queued]>
[2022-10-13 06:03:50,284] {taskinstance.py:896} INFO - Dependencies all met for <TaskInstance: assignment.task_one 2022-10-13T05:09:15.569955+00:00 [queued]>
[2022-10-13 06:03:50,285] {taskinstance.py:1087} INFO - 
--------------------------------------------------------------------------------
[2022-10-13 06:03:50,286] {taskinstance.py:1088} INFO - Starting attempt 3 of 3
[2022-10-13 06:03:50,286] {taskinstance.py:1089} INFO - 
--------------------------------------------------------------------------------
[2022-10-13 06:03:50,302] {taskinstance.py:1107} INFO - Executing <Task(PythonOperator): task_one> on 2022-10-13T05:09:15.569955+00:00
[2022-10-13 06:03:50,305] {standard_task_runner.py:52} INFO - Started process 1038 to run task
[2022-10-13 06:03:50,309] {standard_task_runner.py:76} INFO - Running: ['***', 'tasks', 'run', 'assignment', 'task_one', '2022-10-13T05:09:15.569955+00:00', '--job-id', '31', '--pool', 'default_pool', '--raw', '--subdir', 'DAGS_FOLDER/assignment.py', '--cfg-path', '/tmp/tmpn9os4cs4', '--error-file', '/tmp/tmpvsla1y7z']
[2022-10-13 06:03:50,310] {standard_task_runner.py:77} INFO - Job 31: Subtask task_one
[2022-10-13 06:03:50,367] {logging_mixin.py:104} INFO - Running <TaskInstance: assignment.task_one 2022-10-13T05:09:15.569955+00:00 [running]> on host 444c7ff3fdda
[2022-10-13 06:03:50,418] {taskinstance.py:1302} INFO - Exporting the following env vars:
AIRFLOW_CTX_DAG_OWNER=***
AIRFLOW_CTX_DAG_ID=assignment
AIRFLOW_CTX_TASK_ID=task_one
AIRFLOW_CTX_EXECUTION_DATE=2022-10-13T05:09:15.569955+00:00
AIRFLOW_CTX_DAG_RUN_ID=manual__2022-10-13T05:09:15.569955+00:00
[2022-10-13 06:03:51,013] {logging_mixin.py:104} INFO - wrote file: m1a.html
[2022-10-13 06:03:51,014] {logging_mixin.py:104} INFO - pulled: m1a.html
[2022-10-13 06:03:51,014] {logging_mixin.py:104} INFO - --- waiting ---
[2022-10-13 06:04:06,779] {logging_mixin.py:104} INFO - wrote file: m1b.html
[2022-10-13 06:04:06,780] {logging_mixin.py:104} INFO - pulled: m1b.html
[2022-10-13 06:04:06,780] {logging_mixin.py:104} INFO - --- waiting ---
[2022-10-13 06:04:22,316] {logging_mixin.py:104} INFO - wrote file: m1c.html
[2022-10-13 06:04:22,316] {logging_mixin.py:104} INFO - pulled: m1c.html
[2022-10-13 06:04:22,317] {logging_mixin.py:104} INFO - --- waiting ---
[2022-10-13 06:04:37,631] {logging_mixin.py:104} INFO - wrote file: m2a.html
[2022-10-13 06:04:37,632] {logging_mixin.py:104} INFO - pulled: m2a.html
[2022-10-13 06:04:37,632] {logging_mixin.py:104} INFO - --- waiting ---
[2022-10-13 06:04:53,006] {logging_mixin.py:104} INFO - wrote file: m2b.html
[2022-10-13 06:04:53,006] {logging_mixin.py:104} INFO - pulled: m2b.html
[2022-10-13 06:04:53,006] {logging_mixin.py:104} INFO - --- waiting ---
[2022-10-13 06:05:08,473] {logging_mixin.py:104} INFO - wrote file: m2c.html
[2022-10-13 06:05:08,474] {logging_mixin.py:104} INFO - pulled: m2c.html
[2022-10-13 06:05:08,474] {logging_mixin.py:104} INFO - --- waiting ---
[2022-10-13 06:05:23,824] {logging_mixin.py:104} INFO - wrote file: m3a.html
[2022-10-13 06:05:23,825] {logging_mixin.py:104} INFO - pulled: m3a.html
[2022-10-13 06:05:23,825] {logging_mixin.py:104} INFO - --- waiting ---
[2022-10-13 06:05:39,319] {logging_mixin.py:104} INFO - wrote file: m3b.html
[2022-10-13 06:05:39,319] {logging_mixin.py:104} INFO - pulled: m3b.html
[2022-10-13 06:05:39,320] {logging_mixin.py:104} INFO - --- waiting ---
[2022-10-13 06:05:54,637] {logging_mixin.py:104} INFO - wrote file: m4a.html
[2022-10-13 06:05:54,637] {logging_mixin.py:104} INFO - pulled: m4a.html
[2022-10-13 06:05:54,638] {logging_mixin.py:104} INFO - --- waiting ---
[2022-10-13 06:06:09,924] {logging_mixin.py:104} INFO - wrote file: m4b.html
[2022-10-13 06:06:09,925] {logging_mixin.py:104} INFO - pulled: m4b.html
[2022-10-13 06:06:09,925] {logging_mixin.py:104} INFO - --- waiting ---
[2022-10-13 06:06:25,306] {logging_mixin.py:104} INFO - wrote file: m4c.html
[2022-10-13 06:06:25,307] {logging_mixin.py:104} INFO - pulled: m4c.html
[2022-10-13 06:06:25,307] {logging_mixin.py:104} INFO - --- waiting ---
[2022-10-13 06:06:40,583] {logging_mixin.py:104} INFO - wrote file: m4d.html
[2022-10-13 06:06:40,583] {logging_mixin.py:104} INFO - pulled: m4d.html
[2022-10-13 06:06:40,584] {logging_mixin.py:104} INFO - --- waiting ---
[2022-10-13 06:06:56,001] {logging_mixin.py:104} INFO - wrote file: m4e.html
[2022-10-13 06:06:56,001] {logging_mixin.py:104} INFO - pulled: m4e.html
[2022-10-13 06:06:56,002] {logging_mixin.py:104} INFO - --- waiting ---
[2022-10-13 06:07:11,414] {logging_mixin.py:104} INFO - wrote file: m4f.html
[2022-10-13 06:07:11,414] {logging_mixin.py:104} INFO - pulled: m4f.html
[2022-10-13 06:07:11,415] {logging_mixin.py:104} INFO - --- waiting ---
[2022-10-13 06:07:26,770] {logging_mixin.py:104} INFO - wrote file: m4g.html
[2022-10-13 06:07:26,770] {logging_mixin.py:104} INFO - pulled: m4g.html
[2022-10-13 06:07:26,771] {logging_mixin.py:104} INFO - --- waiting ---
[2022-10-13 06:07:42,050] {logging_mixin.py:104} INFO - wrote file: m5a.html
[2022-10-13 06:07:42,051] {logging_mixin.py:104} INFO - pulled: m5a.html
[2022-10-13 06:07:42,051] {logging_mixin.py:104} INFO - --- waiting ---
[2022-10-13 06:07:57,323] {logging_mixin.py:104} INFO - wrote file: m5b.html
[2022-10-13 06:07:57,323] {logging_mixin.py:104} INFO - pulled: m5b.html
[2022-10-13 06:07:57,324] {logging_mixin.py:104} INFO - --- waiting ---
[2022-10-13 06:08:12,634] {logging_mixin.py:104} INFO - wrote file: m6a.html
[2022-10-13 06:08:12,635] {logging_mixin.py:104} INFO - pulled: m6a.html
[2022-10-13 06:08:12,635] {logging_mixin.py:104} INFO - --- waiting ---
[2022-10-13 06:08:27,934] {logging_mixin.py:104} INFO - wrote file: m6b.html
[2022-10-13 06:08:27,935] {logging_mixin.py:104} INFO - pulled: m6b.html
[2022-10-13 06:08:27,936] {logging_mixin.py:104} INFO - --- waiting ---
[2022-10-13 06:08:43,401] {logging_mixin.py:104} INFO - wrote file: m6c.html
[2022-10-13 06:08:43,401] {logging_mixin.py:104} INFO - pulled: m6c.html
[2022-10-13 06:08:43,402] {logging_mixin.py:104} INFO - --- waiting ---
[2022-10-13 06:08:58,910] {logging_mixin.py:104} INFO - wrote file: m7a.html
[2022-10-13 06:08:58,911] {logging_mixin.py:104} INFO - pulled: m7a.html
[2022-10-13 06:08:58,911] {logging_mixin.py:104} INFO - --- waiting ---
[2022-10-13 06:09:14,366] {logging_mixin.py:104} INFO - wrote file: m8a.html
[2022-10-13 06:09:14,367] {logging_mixin.py:104} INFO - pulled: m8a.html
[2022-10-13 06:09:14,368] {logging_mixin.py:104} INFO - --- waiting ---
[2022-10-13 06:09:29,768] {logging_mixin.py:104} INFO - wrote file: m8b.html
[2022-10-13 06:09:29,769] {logging_mixin.py:104} INFO - pulled: m8b.html
[2022-10-13 06:09:29,769] {logging_mixin.py:104} INFO - --- waiting ---
[2022-10-13 06:09:45,235] {logging_mixin.py:104} INFO - wrote file: m9a.html
[2022-10-13 06:09:45,236] {logging_mixin.py:104} INFO - pulled: m9a.html
[2022-10-13 06:09:45,237] {logging_mixin.py:104} INFO - --- waiting ---
[2022-10-13 06:10:00,644] {logging_mixin.py:104} INFO - wrote file: m9b.html
[2022-10-13 06:10:00,644] {logging_mixin.py:104} INFO - pulled: m9b.html
[2022-10-13 06:10:00,645] {logging_mixin.py:104} INFO - --- waiting ---
[2022-10-13 06:10:16,178] {logging_mixin.py:104} INFO - wrote file: m10a.html
[2022-10-13 06:10:16,178] {logging_mixin.py:104} INFO - pulled: m10a.html
[2022-10-13 06:10:16,179] {logging_mixin.py:104} INFO - --- waiting ---
[2022-10-13 06:10:31,517] {logging_mixin.py:104} INFO - wrote file: m10b.html
[2022-10-13 06:10:31,517] {logging_mixin.py:104} INFO - pulled: m10b.html
[2022-10-13 06:10:31,518] {logging_mixin.py:104} INFO - --- waiting ---
[2022-10-13 06:10:46,827] {logging_mixin.py:104} INFO - wrote file: m11a.html
[2022-10-13 06:10:46,827] {logging_mixin.py:104} INFO - pulled: m11a.html
[2022-10-13 06:10:46,828] {logging_mixin.py:104} INFO - --- waiting ---
[2022-10-13 06:11:02,217] {logging_mixin.py:104} INFO - wrote file: m11b.html
[2022-10-13 06:11:02,218] {logging_mixin.py:104} INFO - pulled: m11b.html
[2022-10-13 06:11:02,218] {logging_mixin.py:104} INFO - --- waiting ---
[2022-10-13 06:11:17,654] {logging_mixin.py:104} INFO - wrote file: m11c.html
[2022-10-13 06:11:17,655] {logging_mixin.py:104} INFO - pulled: m11c.html
[2022-10-13 06:11:17,655] {logging_mixin.py:104} INFO - --- waiting ---
[2022-10-13 06:11:33,157] {logging_mixin.py:104} INFO - wrote file: m12a.html
[2022-10-13 06:11:33,157] {logging_mixin.py:104} INFO - pulled: m12a.html
[2022-10-13 06:11:33,158] {logging_mixin.py:104} INFO - --- waiting ---
[2022-10-13 06:11:48,465] {logging_mixin.py:104} INFO - wrote file: m12b.html
[2022-10-13 06:11:48,465] {logging_mixin.py:104} INFO - pulled: m12b.html
[2022-10-13 06:11:48,466] {logging_mixin.py:104} INFO - --- waiting ---
[2022-10-13 06:12:04,824] {logging_mixin.py:104} INFO - wrote file: m12c.html
[2022-10-13 06:12:04,825] {logging_mixin.py:104} INFO - pulled: m12c.html
[2022-10-13 06:12:04,825] {logging_mixin.py:104} INFO - --- waiting ---
[2022-10-13 06:12:20,527] {logging_mixin.py:104} INFO - wrote file: m14a.html
[2022-10-13 06:12:20,527] {logging_mixin.py:104} INFO - pulled: m14a.html
[2022-10-13 06:12:20,528] {logging_mixin.py:104} INFO - --- waiting ---
[2022-10-13 06:12:35,916] {logging_mixin.py:104} INFO - wrote file: m14b.html
[2022-10-13 06:12:35,917] {logging_mixin.py:104} INFO - pulled: m14b.html
[2022-10-13 06:12:35,917] {logging_mixin.py:104} INFO - --- waiting ---
[2022-10-13 06:12:52,079] {logging_mixin.py:104} INFO - wrote file: m15a.html
[2022-10-13 06:12:52,080] {logging_mixin.py:104} INFO - pulled: m15a.html
[2022-10-13 06:12:52,080] {logging_mixin.py:104} INFO - --- waiting ---
[2022-10-13 06:13:08,340] {logging_mixin.py:104} INFO - wrote file: m15b.html
[2022-10-13 06:13:08,341] {logging_mixin.py:104} INFO - pulled: m15b.html
[2022-10-13 06:13:08,342] {logging_mixin.py:104} INFO - --- waiting ---
[2022-10-13 06:13:23,744] {logging_mixin.py:104} INFO - wrote file: m15c.html
[2022-10-13 06:13:23,745] {logging_mixin.py:104} INFO - pulled: m15c.html
[2022-10-13 06:13:23,745] {logging_mixin.py:104} INFO - --- waiting ---
[2022-10-13 06:13:39,117] {logging_mixin.py:104} INFO - wrote file: m16a.html
[2022-10-13 06:13:39,118] {logging_mixin.py:104} INFO - pulled: m16a.html
[2022-10-13 06:13:39,119] {logging_mixin.py:104} INFO - --- waiting ---
[2022-10-13 06:13:54,469] {logging_mixin.py:104} INFO - wrote file: m16b.html
[2022-10-13 06:13:54,470] {logging_mixin.py:104} INFO - pulled: m16b.html
[2022-10-13 06:13:54,470] {logging_mixin.py:104} INFO - --- waiting ---
[2022-10-13 06:14:09,844] {logging_mixin.py:104} INFO - wrote file: m18a.html
[2022-10-13 06:14:09,845] {logging_mixin.py:104} INFO - pulled: m18a.html
[2022-10-13 06:14:09,845] {logging_mixin.py:104} INFO - --- waiting ---
[2022-10-13 06:14:25,154] {logging_mixin.py:104} INFO - wrote file: m18b.html
[2022-10-13 06:14:25,154] {logging_mixin.py:104} INFO - pulled: m18b.html
[2022-10-13 06:14:25,155] {logging_mixin.py:104} INFO - --- waiting ---
[2022-10-13 06:14:41,428] {logging_mixin.py:104} INFO - wrote file: m20a.html
[2022-10-13 06:14:41,429] {logging_mixin.py:104} INFO - pulled: m20a.html
[2022-10-13 06:14:41,429] {logging_mixin.py:104} INFO - --- waiting ---
[2022-10-13 06:14:56,701] {logging_mixin.py:104} INFO - wrote file: m22a.html
[2022-10-13 06:14:56,702] {logging_mixin.py:104} INFO - pulled: m22a.html
[2022-10-13 06:14:56,702] {logging_mixin.py:104} INFO - --- waiting ---
[2022-10-13 06:15:12,089] {logging_mixin.py:104} INFO - wrote file: m22b.html
[2022-10-13 06:15:12,090] {logging_mixin.py:104} INFO - pulled: m22b.html
[2022-10-13 06:15:12,090] {logging_mixin.py:104} INFO - --- waiting ---
[2022-10-13 06:15:27,354] {logging_mixin.py:104} INFO - wrote file: m22c.html
[2022-10-13 06:15:27,354] {logging_mixin.py:104} INFO - pulled: m22c.html
[2022-10-13 06:15:27,355] {logging_mixin.py:104} INFO - --- waiting ---
[2022-10-13 06:15:42,365] {python.py:151} INFO - Done. Returned value was: None
[2022-10-13 06:15:42,387] {taskinstance.py:1211} INFO - Marking task as SUCCESS. dag_id=assignment, task_id=task_one, execution_date=20221013T050915, start_date=20221013T060350, end_date=20221013T061542
[2022-10-13 06:15:42,428] {taskinstance.py:1265} INFO - 1 downstream tasks scheduled from follow-on schedule check
[2022-10-13 06:15:42,448] {local_task_job.py:151} INFO - Task exited with return code 0
